<?xml version="1.0" encoding="UTF-8"?>
<!-- Generated by org.testng.reporters.JUnitXMLReporter -->
<testsuite hostname="SYNBLRLT-207" name="Default test" tests="3" failures="0" timestamp="17 Apr 2018 18:06:53 GMT" time="3.515" errors="0">
  <testcase name="testMethod" time="2.262" classname="com.lch.testscripts.TestScripts"/>
  <testcase name="testMethod" time="0.146" classname="com.lch.testscripts.TestScripts"/>
  <testcase name="testMethod" time="0.367" classname="com.lch.testscripts.TestScripts"/>
</testsuite> <!-- Default test -->
