<?xml version="1.0" encoding="UTF-8"?>
<!-- Generated by org.testng.reporters.JUnitXMLReporter -->
<testsuite hostname="SYNBLRLT-207" name="Default test" tests="10" failures="0" timestamp="19 Apr 2018 10:08:17 GMT" time="26.378" errors="0">
  <testcase name="testMethod" time="1.902" classname="com.lch.testscripts.TestScripts"/>
  <testcase name="testMethod" time="4.79" classname="com.lch.testscripts.TestScripts"/>
  <testcase name="testMethod" time="0.183" classname="com.lch.testscripts.TestScripts"/>
  <testcase name="testMethod" time="4.348" classname="com.lch.testscripts.TestScripts"/>
  <testcase name="testMethod" time="0.055" classname="com.lch.testscripts.TestScripts"/>
  <testcase name="testMethod" time="4.718" classname="com.lch.testscripts.TestScripts"/>
  <testcase name="testMethod" time="0.113" classname="com.lch.testscripts.TestScripts"/>
  <testcase name="testMethod" time="5.059" classname="com.lch.testscripts.TestScripts"/>
  <testcase name="testMethod" time="0.103" classname="com.lch.testscripts.TestScripts"/>
  <testcase name="testMethod" time="4.294" classname="com.lch.testscripts.TestScripts"/>
</testsuite> <!-- Default test -->
