<?xml version="1.0" encoding="UTF-8"?>
<!-- Generated by org.testng.reporters.JUnitXMLReporter -->
<testsuite hostname="SYNBLRLT-207" name="Test" tests="10" failures="0" timestamp="19 Apr 2018 10:00:01 GMT" time="23.267" errors="0">
  <testcase name="testMethod" time="1.841" classname="com.lch.testscripts.TestScripts"/>
  <testcase name="testMethod" time="4.039" classname="com.lch.testscripts.TestScripts"/>
  <testcase name="testMethod" time="0.056" classname="com.lch.testscripts.TestScripts"/>
  <testcase name="testMethod" time="3.727" classname="com.lch.testscripts.TestScripts"/>
  <testcase name="testMethod" time="0.061" classname="com.lch.testscripts.TestScripts"/>
  <testcase name="testMethod" time="3.971" classname="com.lch.testscripts.TestScripts"/>
  <testcase name="testMethod" time="0.044" classname="com.lch.testscripts.TestScripts"/>
  <testcase name="testMethod" time="4.346" classname="com.lch.testscripts.TestScripts"/>
  <testcase name="testMethod" time="0.164" classname="com.lch.testscripts.TestScripts"/>
  <testcase name="testMethod" time="4.235" classname="com.lch.testscripts.TestScripts"/>
</testsuite> <!-- Test -->
