<?xml version="1.0" encoding="UTF-8"?>
<!-- Generated by org.testng.reporters.JUnitXMLReporter -->
<testsuite hostname="SYNBLRLT-207" name="Command line test" tests="10" failures="1" timestamp="19 Apr 2018 08:18:12 GMT" time="23.487" errors="0">
  <testcase name="testMethod" time="2.44" classname="com.lch.testscripts.TestScripts"/>
  <testcase name="testMethod" time="4.016" classname="com.lch.testscripts.TestScripts">
    <failure type="java.lang.AssertionError" message="The following asserts failed:
	expected [201] but found [200]">
      <![CDATA[java.lang.AssertionError: The following asserts failed:
	expected [201] but found [200]
	at com.lch.testscripts.TestScripts.testMethod(TestScripts.java:100)
... Removed 35 stack frames]]>
    </failure>
  </testcase> <!-- testMethod -->
  <testcase name="testMethod" time="0.244" classname="com.lch.testscripts.TestScripts"/>
  <testcase name="testMethod" time="3.6" classname="com.lch.testscripts.TestScripts"/>
  <testcase name="testMethod" time="0.385" classname="com.lch.testscripts.TestScripts"/>
  <testcase name="testMethod" time="3.667" classname="com.lch.testscripts.TestScripts"/>
  <testcase name="testMethod" time="0.249" classname="com.lch.testscripts.TestScripts"/>
  <testcase name="testMethod" time="3.763" classname="com.lch.testscripts.TestScripts"/>
  <testcase name="testMethod" time="0.237" classname="com.lch.testscripts.TestScripts"/>
  <testcase name="testMethod" time="4.04" classname="com.lch.testscripts.TestScripts"/>
</testsuite> <!-- Command line test -->
